JPushExample(1266618)/build/outputs/logs/manifest-merger-debug-report.txt
-- Merging decision tree log ---
manifest
ADDED from Study\JPushExample(1266618)\AndroidManifest.xml:2:1-186:12
	package
		ADDED from Study\JPushExample(1266618)\AndroidManifest.xml:4:5-28
	xmlns:tools
		ADDED from Study\JPushExample(1266618)\AndroidManifest.xml:3:5-51
	xmlns:android
		ADDED from Study\JPushExample(1266618)\AndroidManifest.xml:2:11-69
permission#com.hxd.study.permission.JPUSH_MESSAGE
ADDED from Study\JPushExample(1266618)\AndroidManifest.xml:7:5-9:47
	android:protectionLevel
		ADDED from Study\JPushExample(1266618)\AndroidManifest.xml:9:9-44
	android:name
		ADDED from Study\JPushExample(1266618)\AndroidManifest.xml:8:9-62
uses-permission#com.hxd.study.permission.JPUSH_MESSAGE
ADDED from Study\JPushExample(1266618)\AndroidManifest.xml:12:5-78
	android:name
		ADDED from Study\JPushExample(1266618)\AndroidManifest.xml:12:22-75
uses-permission#android.permission.RECEIVE_USER_PRESENT
ADDED from Study\JPushExample(1266618)\AndroidManifest.xml:13:5-79
	android:name
		ADDED from Study\JPushExample(1266618)\AndroidManifest.xml:13:22-76
uses-permission#android.permission.INTERNET
ADDED from Study\JPushExample(1266618)\AndroidManifest.xml:14:5-67
	android:name
		ADDED from Study\JPushExample(1266618)\AndroidManifest.xml:14:22-64
uses-permission#android.permission.READ_PHONE_STATE
ADDED from Study\JPushExample(1266618)\AndroidManifest.xml:15:5-75
	android:name
		ADDED from Study\JPushExample(1266618)\AndroidManifest.xml:15:22-72
uses-permission#android.permission.WRITE_EXTERNAL_STORAGE
ADDED from Study\JPushExample(1266618)\AndroidManifest.xml:16:5-81
	android:name
		ADDED from Study\JPushExample(1266618)\AndroidManifest.xml:16:22-78
uses-permission#android.permission.READ_EXTERNAL_STORAGE
ADDED from Study\JPushExample(1266618)\AndroidManifest.xml:17:5-80
	android:name
		ADDED from Study\JPushExample(1266618)\AndroidManifest.xml:17:22-77
uses-permission#android.permission.WRITE_SETTINGS
ADDED from Study\JPushExample(1266618)\AndroidManifest.xml:18:5-20:47
	tools:ignore
		ADDED from Study\JPushExample(1266618)\AndroidManifest.xml:20:9-44
	android:name
		ADDED from Study\JPushExample(1266618)\AndroidManifest.xml:19:9-57
uses-permission#android.permission.MOUNT_UNMOUNT_FILESYSTEMS
ADDED from Study\JPushExample(1266618)\AndroidManifest.xml:21:5-23:47
	tools:ignore
		ADDED from Study\JPushExample(1266618)\AndroidManifest.xml:23:9-44
	android:name
		ADDED from Study\JPushExample(1266618)\AndroidManifest.xml:22:9-68
uses-permission#android.permission.ACCESS_NETWORK_STATE
ADDED from Study\JPushExample(1266618)\AndroidManifest.xml:24:5-79
	android:name
		ADDED from Study\JPushExample(1266618)\AndroidManifest.xml:24:22-76
uses-permission#android.permission.ACCESS_WIFI_STATE
ADDED from Study\JPushExample(1266618)\AndroidManifest.xml:25:5-76
	android:name
		ADDED from Study\JPushExample(1266618)\AndroidManifest.xml:25:22-73
uses-permission#android.permission.VIBRATE
ADDED from Study\JPushExample(1266618)\AndroidManifest.xml:29:5-66
	android:name
		ADDED from Study\JPushExample(1266618)\AndroidManifest.xml:29:22-63
uses-permission#android.permission.SYSTEM_ALERT_WINDOW
ADDED from Study\JPushExample(1266618)\AndroidManifest.xml:30:5-78
	android:name
		ADDED from Study\JPushExample(1266618)\AndroidManifest.xml:30:22-75
uses-permission#android.permission.ACCESS_COARSE_LOCATION
ADDED from Study\JPushExample(1266618)\AndroidManifest.xml:31:5-81
	android:name
		ADDED from Study\JPushExample(1266618)\AndroidManifest.xml:31:22-78
uses-permission#android.permission.CHANGE_WIFI_STATE
ADDED from Study\JPushExample(1266618)\AndroidManifest.xml:32:5-76
	android:name
		ADDED from Study\JPushExample(1266618)\AndroidManifest.xml:32:22-73
uses-permission#android.permission.ACCESS_FINE_LOCATION
ADDED from Study\JPushExample(1266618)\AndroidManifest.xml:33:5-79
	android:name
		ADDED from Study\JPushExample(1266618)\AndroidManifest.xml:33:22-76
uses-permission#android.permission.ACCESS_LOCATION_EXTRA_COMMANDS
ADDED from Study\JPushExample(1266618)\AndroidManifest.xml:34:5-89
	android:name
		ADDED from Study\JPushExample(1266618)\AndroidManifest.xml:34:22-86
uses-permission#android.permission.CHANGE_NETWORK_STATE
ADDED from Study\JPushExample(1266618)\AndroidManifest.xml:35:5-79
	android:name
		ADDED from Study\JPushExample(1266618)\AndroidManifest.xml:35:22-76
uses-permission#android.permission.GET_TASKS
ADDED from Study\JPushExample(1266618)\AndroidManifest.xml:36:5-68
	android:name
		ADDED from Study\JPushExample(1266618)\AndroidManifest.xml:36:22-65
application
ADDED from Study\JPushExample(1266618)\AndroidManifest.xml:38:5-185:19
	android:label
		ADDED from Study\JPushExample(1266618)\AndroidManifest.xml:42:9-41
	android:icon
		ADDED from Study\JPushExample(1266618)\AndroidManifest.xml:41:9-45
	android:allowBackup
		ADDED from Study\JPushExample(1266618)\AndroidManifest.xml:40:9-36
	android:name
		ADDED from Study\JPushExample(1266618)\AndroidManifest.xml:39:9-64
activity#com.example.jpushdemo.MainActivity
ADDED from Study\JPushExample(1266618)\AndroidManifest.xml:45:9-52:20
	android:label
		ADDED from Study\JPushExample(1266618)\AndroidManifest.xml:47:13-45
	android:name
		ADDED from Study\JPushExample(1266618)\AndroidManifest.xml:46:13-62
intent-filter#action:name:android.intent.action.MAIN+category:name:android.intent.category.LAUNCHER
ADDED from Study\JPushExample(1266618)\AndroidManifest.xml:48:13-51:29
action#android.intent.action.MAIN
ADDED from Study\JPushExample(1266618)\AndroidManifest.xml:49:17-69
	android:name
		ADDED from Study\JPushExample(1266618)\AndroidManifest.xml:49:25-66
category#android.intent.category.LAUNCHER
ADDED from Study\JPushExample(1266618)\AndroidManifest.xml:50:17-77
	android:name
		ADDED from Study\JPushExample(1266618)\AndroidManifest.xml:50:27-74
activity#com.example.jpushdemo.PushSetActivity
ADDED from Study\JPushExample(1266618)\AndroidManifest.xml:54:9-56:57
	android:label
		ADDED from Study\JPushExample(1266618)\AndroidManifest.xml:56:13-45
	android:name
		ADDED from Study\JPushExample(1266618)\AndroidManifest.xml:55:13-65
activity#com.example.jpushdemo.SettingActivity
ADDED from Study\JPushExample(1266618)\AndroidManifest.xml:58:9-60:57
	android:label
		ADDED from Study\JPushExample(1266618)\AndroidManifest.xml:60:13-45
	android:name
		ADDED from Study\JPushExample(1266618)\AndroidManifest.xml:59:13-65
activity#com.example.jpushdemo.TestActivity
ADDED from Study\JPushExample(1266618)\AndroidManifest.xml:62:9-69:20
	android:exported
		ADDED from Study\JPushExample(1266618)\AndroidManifest.xml:64:13-37
	android:name
		ADDED from Study\JPushExample(1266618)\AndroidManifest.xml:63:13-62
intent-filter#action:name:jpush.testAction+category:name:jpush.testCategory
ADDED from Study\JPushExample(1266618)\AndroidManifest.xml:65:13-68:29
action#jpush.testAction
ADDED from Study\JPushExample(1266618)\AndroidManifest.xml:66:17-59
	android:name
		ADDED from Study\JPushExample(1266618)\AndroidManifest.xml:66:25-56
category#jpush.testCategory
ADDED from Study\JPushExample(1266618)\AndroidManifest.xml:67:17-63
	android:name
		ADDED from Study\JPushExample(1266618)\AndroidManifest.xml:67:27-60
activity#cn.jpush.android.ui.PopWinActivity
ADDED from Study\JPushExample(1266618)\AndroidManifest.xml:72:9-75:61
	android:exported
		ADDED from Study\JPushExample(1266618)\AndroidManifest.xml:74:13-37
	android:theme
		ADDED from Study\JPushExample(1266618)\AndroidManifest.xml:75:13-49
	android:name
		ADDED from Study\JPushExample(1266618)\AndroidManifest.xml:73:13-62
activity#cn.jpush.android.ui.PushActivity
ADDED from Study\JPushExample(1266618)\AndroidManifest.xml:78:9-89:20
	android:exported
		ADDED from Study\JPushExample(1266618)\AndroidManifest.xml:81:13-37
	android:configChanges
		ADDED from Study\JPushExample(1266618)\AndroidManifest.xml:80:13-63
	android:theme
		ADDED from Study\JPushExample(1266618)\AndroidManifest.xml:82:13-60
	android:name
		ADDED from Study\JPushExample(1266618)\AndroidManifest.xml:79:13-60
intent-filter#action:name:cn.jpush.android.ui.PushActivity+category:name:android.intent.category.DEFAULT+category:name:com.hxd.study
ADDED from Study\JPushExample(1266618)\AndroidManifest.xml:83:13-88:29
action#cn.jpush.android.ui.PushActivity
ADDED from Study\JPushExample(1266618)\AndroidManifest.xml:84:17-75
	android:name
		ADDED from Study\JPushExample(1266618)\AndroidManifest.xml:84:25-72
category#android.intent.category.DEFAULT
ADDED from Study\JPushExample(1266618)\AndroidManifest.xml:86:17-76
	android:name
		ADDED from Study\JPushExample(1266618)\AndroidManifest.xml:86:27-73
category#com.hxd.study
ADDED from Study\JPushExample(1266618)\AndroidManifest.xml:87:17-58
	android:name
		ADDED from Study\JPushExample(1266618)\AndroidManifest.xml:87:27-55
service#cn.jpush.android.service.PushService
ADDED from Study\JPushExample(1266618)\AndroidManifest.xml:93:9-103:19
	android:process
		ADDED from Study\JPushExample(1266618)\AndroidManifest.xml:96:13-40
	android:exported
		ADDED from Study\JPushExample(1266618)\AndroidManifest.xml:95:13-37
	android:name
		ADDED from Study\JPushExample(1266618)\AndroidManifest.xml:94:13-64
intent-filter#action:name:cn.jpush.android.intent.PUSH_TIME+action:name:cn.jpush.android.intent.PushService+action:name:cn.jpush.android.intent.REGISTER+action:name:cn.jpush.android.intent.REPORT
ADDED from Study\JPushExample(1266618)\AndroidManifest.xml:97:13-102:29
action#cn.jpush.android.intent.REGISTER
ADDED from Study\JPushExample(1266618)\AndroidManifest.xml:98:17-75
	android:name
		ADDED from Study\JPushExample(1266618)\AndroidManifest.xml:98:25-72
action#cn.jpush.android.intent.REPORT
ADDED from Study\JPushExample(1266618)\AndroidManifest.xml:99:17-73
	android:name
		ADDED from Study\JPushExample(1266618)\AndroidManifest.xml:99:25-70
action#cn.jpush.android.intent.PushService
ADDED from Study\JPushExample(1266618)\AndroidManifest.xml:100:17-78
	android:name
		ADDED from Study\JPushExample(1266618)\AndroidManifest.xml:100:25-75
action#cn.jpush.android.intent.PUSH_TIME
ADDED from Study\JPushExample(1266618)\AndroidManifest.xml:101:17-76
	android:name
		ADDED from Study\JPushExample(1266618)\AndroidManifest.xml:101:25-73
provider#cn.jpush.android.service.DataProvider
ADDED from Study\JPushExample(1266618)\AndroidManifest.xml:105:9-109:43
	android:process
		ADDED from Study\JPushExample(1266618)\AndroidManifest.xml:109:13-40
	android:authorities
		ADDED from Study\JPushExample(1266618)\AndroidManifest.xml:107:13-61
	android:exported
		ADDED from Study\JPushExample(1266618)\AndroidManifest.xml:108:13-37
	android:name
		ADDED from Study\JPushExample(1266618)\AndroidManifest.xml:106:13-65
service#cn.jpush.android.service.DaemonService
ADDED from Study\JPushExample(1266618)\AndroidManifest.xml:113:9-122:19
	android:enabled
		ADDED from Study\JPushExample(1266618)\AndroidManifest.xml:115:13-35
	android:exported
		ADDED from Study\JPushExample(1266618)\AndroidManifest.xml:116:13-36
	android:name
		ADDED from Study\JPushExample(1266618)\AndroidManifest.xml:114:13-66
intent-filter#action:name:cn.jpush.android.intent.DaemonService+category:name:com.hxd.study
ADDED from Study\JPushExample(1266618)\AndroidManifest.xml:117:13-120:29
action#cn.jpush.android.intent.DaemonService
ADDED from Study\JPushExample(1266618)\AndroidManifest.xml:118:17-80
	android:name
		ADDED from Study\JPushExample(1266618)\AndroidManifest.xml:118:25-77
provider#cn.jpush.android.service.DownloadProvider
ADDED from Study\JPushExample(1266618)\AndroidManifest.xml:124:9-127:39
	android:authorities
		ADDED from Study\JPushExample(1266618)\AndroidManifest.xml:126:13-65
	android:exported
		ADDED from Study\JPushExample(1266618)\AndroidManifest.xml:127:13-36
	android:name
		ADDED from Study\JPushExample(1266618)\AndroidManifest.xml:125:13-69
receiver#cn.jpush.android.service.PushReceiver
ADDED from Study\JPushExample(1266618)\AndroidManifest.xml:129:9-148:20
	android:enabled
		ADDED from Study\JPushExample(1266618)\AndroidManifest.xml:131:13-35
	android:exported
		ADDED from Study\JPushExample(1266618)\AndroidManifest.xml:132:13-37
	android:name
		ADDED from Study\JPushExample(1266618)\AndroidManifest.xml:130:13-65
intent-filter#action:name:cn.jpush.android.intent.NOTIFICATION_RECEIVED_PROXY+category:name:com.hxd.study
ADDED from Study\JPushExample(1266618)\AndroidManifest.xml:133:13-136:29
	android:priority
		ADDED from Study\JPushExample(1266618)\AndroidManifest.xml:133:28-51
action#cn.jpush.android.intent.NOTIFICATION_RECEIVED_PROXY
ADDED from Study\JPushExample(1266618)\AndroidManifest.xml:134:17-94
	android:name
		ADDED from Study\JPushExample(1266618)\AndroidManifest.xml:134:25-91
intent-filter#action:name:android.intent.action.USER_PRESENT+action:name:android.net.conn.CONNECTIVITY_CHANGE
ADDED from Study\JPushExample(1266618)\AndroidManifest.xml:137:13-140:29
action#android.intent.action.USER_PRESENT
ADDED from Study\JPushExample(1266618)\AndroidManifest.xml:138:17-77
	android:name
		ADDED from Study\JPushExample(1266618)\AndroidManifest.xml:138:25-74
action#android.net.conn.CONNECTIVITY_CHANGE
ADDED from Study\JPushExample(1266618)\AndroidManifest.xml:139:17-79
	android:name
		ADDED from Study\JPushExample(1266618)\AndroidManifest.xml:139:25-76
intent-filter#action:name:android.intent.action.PACKAGE_ADDED+action:name:android.intent.action.PACKAGE_REMOVED+data:scheme:package
ADDED from Study\JPushExample(1266618)\AndroidManifest.xml:142:13-147:29
action#android.intent.action.PACKAGE_ADDED
ADDED from Study\JPushExample(1266618)\AndroidManifest.xml:143:17-78
	android:name
		ADDED from Study\JPushExample(1266618)\AndroidManifest.xml:143:25-75
action#android.intent.action.PACKAGE_REMOVED
ADDED from Study\JPushExample(1266618)\AndroidManifest.xml:144:17-80
	android:name
		ADDED from Study\JPushExample(1266618)\AndroidManifest.xml:144:25-77
data
ADDED from Study\JPushExample(1266618)\AndroidManifest.xml:146:17-50
	android:scheme
		ADDED from Study\JPushExample(1266618)\AndroidManifest.xml:146:23-47
receiver#cn.jpush.android.service.AlarmReceiver
ADDED from Study\JPushExample(1266618)\AndroidManifest.xml:151:9-153:40
	android:exported
		ADDED from Study\JPushExample(1266618)\AndroidManifest.xml:153:13-37
	android:name
		ADDED from Study\JPushExample(1266618)\AndroidManifest.xml:152:13-66
receiver#com.example.jpushdemo.MyReceiver
ADDED from Study\JPushExample(1266618)\AndroidManifest.xml:156:9-168:20
	android:enabled
		ADDED from Study\JPushExample(1266618)\AndroidManifest.xml:158:13-35
	android:exported
		ADDED from Study\JPushExample(1266618)\AndroidManifest.xml:159:13-37
	android:name
		ADDED from Study\JPushExample(1266618)\AndroidManifest.xml:157:13-60
intent-filter#action:name:cn.jpush.android.intent.CONNECTION+action:name:cn.jpush.android.intent.MESSAGE_RECEIVED+action:name:cn.jpush.android.intent.NOTIFICATION_OPENED+action:name:cn.jpush.android.intent.NOTIFICATION_RECEIVED+action:name:cn.jpush.android.intent.REGISTRATION+category:name:com.hxd.study
ADDED from Study\JPushExample(1266618)\AndroidManifest.xml:160:13-167:29
action#cn.jpush.android.intent.REGISTRATION
ADDED from Study\JPushExample(1266618)\AndroidManifest.xml:161:17-79
	android:name
		ADDED from Study\JPushExample(1266618)\AndroidManifest.xml:161:25-76
action#cn.jpush.android.intent.MESSAGE_RECEIVED
ADDED from Study\JPushExample(1266618)\AndroidManifest.xml:162:17-83
	android:name
		ADDED from Study\JPushExample(1266618)\AndroidManifest.xml:162:25-80
action#cn.jpush.android.intent.NOTIFICATION_RECEIVED
ADDED from Study\JPushExample(1266618)\AndroidManifest.xml:163:17-88
	android:name
		ADDED from Study\JPushExample(1266618)\AndroidManifest.xml:163:25-85
action#cn.jpush.android.intent.NOTIFICATION_OPENED
ADDED from Study\JPushExample(1266618)\AndroidManifest.xml:164:17-86
	android:name
		ADDED from Study\JPushExample(1266618)\AndroidManifest.xml:164:25-83
action#cn.jpush.android.intent.CONNECTION
ADDED from Study\JPushExample(1266618)\AndroidManifest.xml:165:17-77
	android:name
		ADDED from Study\JPushExample(1266618)\AndroidManifest.xml:165:25-74
receiver#com.example.jpushdemo.MyJPushMessageReceiver
ADDED from Study\JPushExample(1266618)\AndroidManifest.xml:171:9-176:20
	android:name
		ADDED from Study\JPushExample(1266618)\AndroidManifest.xml:171:19-78
intent-filter#action:name:cn.jpush.android.intent.RECEIVE_MESSAGE+category:name:com.hxd.study
ADDED from Study\JPushExample(1266618)\AndroidManifest.xml:172:13-175:29
action#cn.jpush.android.intent.RECEIVE_MESSAGE
ADDED from Study\JPushExample(1266618)\AndroidManifest.xml:173:17-82
	android:name
		ADDED from Study\JPushExample(1266618)\AndroidManifest.xml:173:25-79
meta-data#JPUSH_CHANNEL
ADDED from Study\JPushExample(1266618)\AndroidManifest.xml:178:9-180:49
	android:value
		ADDED from Study\JPushExample(1266618)\AndroidManifest.xml:180:13-46
	android:name
		ADDED from Study\JPushExample(1266618)\AndroidManifest.xml:179:13-41
meta-data#JPUSH_APPKEY
ADDED from Study\JPushExample(1266618)\AndroidManifest.xml:181:9-183:56
	android:value
		ADDED from Study\JPushExample(1266618)\AndroidManifest.xml:183:13-53
	android:name
		ADDED from Study\JPushExample(1266618)\AndroidManifest.xml:182:13-40
uses-sdk
INJECTED from Study\JPushExample(1266618)\AndroidManifest.xml reason: use-sdk injection requested
INJECTED from Study\JPushExample(1266618)\AndroidManifest.xml
INJECTED from Study\JPushExample(1266618)\AndroidManifest.xml
	android:minSdkVersion
		INJECTED from Study\JPushExample(1266618)\AndroidManifest.xml
		ADDED from Study\JPushExample(1266618)\AndroidManifest.xml
		INJECTED from Study\JPushExample(1266618)\AndroidManifest.xml